<?xml version="1.0" encoding="UTF-8" ?>
<testsuite errors="0" failures="0" hostname="dansan-cortex" name="core.phase_2" tests="8" time="15.4671" timestamp="2020-07-06T21:33:30+00:00">
  <properties>
    <property name="os.arch" value="x86_64" />
    <property name="os.name" value="Linux" />
    <property name="os.version" value="5.6.16-1-MANJARO" />
    <property name="user.home" value="/home/dansan" />
    <property name="user.name" value="dansan" />
  </properties>
  <testcase classname="core.selftests" name="test_pass_or_die.sli" time="1.46512" />
  <testcase classname="core.selftests" name="test_assert_or_die_b.sli" time="1.43545" />
  <testcase classname="core.selftests" name="test_assert_or_die_p.sli" time="1.47047" />
  <testcase classname="core.selftests" name="test_fail_or_die.sli" time="1.50581" />
  <testcase classname="core.selftests" name="test_crash_or_die.sli" time="1.51195" />
  <testcase classname="core.selftests" name="test_failbutnocrash_or_die_crash.sli" time="1.47322" />
  <testcase classname="core.selftests" name="test_failbutnocrash_or_die_pass.sli" time="1.47462" />
  <testcase classname="core.selftests" name="test_passorfailbutnocrash_or_die.sli" time="5.13054" />
  <system-out><![CDATA[]]></system-out>
  <system-err><![CDATA[]]></system-err>
</testsuite>
